[2019-02-13 20:49:08] local.ERROR: SQLSTATE[42S22]: Column not found: 1054 Unknown column 'updated_at' in 'field list' (SQL: insert into `finishes` (`polerowany`, `szlifowany`, `satynowany`, `waterjet_piaskowany`, `antykowany`, `piaskowany`, `piaskowany_szczotkowany`, `nacinany`, `corteccia`, `wenghe`, `juta`, `wood`, `canvas`, `tranche`, `jodełka`, `stone_id`, `updated_at`, `created_at`) values (1, 1, 1, 1, 1, 1, 1, 1, 1, 1, 1, 1, 1, 1, 1, 2, 2019-02-13 20:49:08, 2019-02-13 20:49:08)) {"exception":"[object] (Illuminate\\Database\\QueryException(code: 42S22): SQLSTATE[42S22]: Column not found: 1054 Unknown column 'updated_at' in 'field list' (SQL: insert into `finishes` (`polerowany`, `szlifowany`, `satynowany`, `waterjet_piaskowany`, `antykowany`, `piaskowany`, `piaskowany_szczotkowany`, `nacinany`, `corteccia`, `wenghe`, `juta`, `wood`, `canvas`, `tranche`, `jodełka`, `stone_id`, `updated_at`, `created_at`) values (1, 1, 1, 1, 1, 1, 1, 1, 1, 1, 1, 1, 1, 1, 1, 2, 2019-02-13 20:49:08, 2019-02-13 20:49:08)) at /var/www/kd/vendor/laravel/framework/src/Illuminate/Database/Connection.php:664, PDOException(code: 42S22): SQLSTATE[42S22]: Column not found: 1054 Unknown column 'updated_at' in 'field list' at /var/www/kd/vendor/laravel/framework/src/Illuminate/Database/Connection.php:452)
[stacktrace]
#0 /var/www/kd/vendor/laravel/framework/src/Illuminate/Database/Connection.php(624): Illuminate\\Database\\Connection->runQueryCallback('insert into `fi...', Array, Object(Closure))
#1 /var/www/kd/vendor/laravel/framework/src/Illuminate/Database/Connection.php(459): Illuminate\\Database\\Connection->run('insert into `fi...', Array, Object(Closure))
#2 /var/www/kd/vendor/laravel/framework/src/Illuminate/Database/Connection.php(411): Illuminate\\Database\\Connection->statement('insert into `fi...', Array)
#3 /var/www/kd/vendor/laravel/framework/src/Illuminate/Database/Query/Processors/Processor.php(32): Illuminate\\Database\\Connection->insert('insert into `fi...', Array)
#4 /var/www/kd/vendor/laravel/framework/src/Illuminate/Database/Query/Builder.php(2628): Illuminate\\Database\\Query\\Processors\\Processor->processInsertGetId(Object(Illuminate\\Database\\Query\\Builder), 'insert into `fi...', Array, 'id')
#5 /var/www/kd/vendor/laravel/framework/src/Illuminate/Database/Eloquent/Builder.php(1318): Illuminate\\Database\\Query\\Builder->insertGetId(Array, 'id')
#6 /var/www/kd/vendor/laravel/framework/src/Illuminate/Database/Eloquent/Model.php(823): Illuminate\\Database\\Eloquent\\Builder->__call('insertGetId', Array)
#7 /var/www/kd/vendor/laravel/framework/src/Illuminate/Database/Eloquent/Model.php(788): Illuminate\\Database\\Eloquent\\Model->insertAndSetId(Object(Illuminate\\Database\\Eloquent\\Builder), Array)
#8 /var/www/kd/vendor/laravel/framework/src/Illuminate/Database/Eloquent/Model.php(651): Illuminate\\Database\\Eloquent\\Model->performInsert(Object(Illuminate\\Database\\Eloquent\\Builder))
#9 /var/www/kd/vendor/laravel/framework/src/Illuminate/Database/Eloquent/Relations/HasOneOrMany.php(252): Illuminate\\Database\\Eloquent\\Model->save()
#10 /var/www/kd/app/Imports/StonesImport.php(96): Illuminate\\Database\\Eloquent\\Relations\\HasOneOrMany->save(Object(App\\Finish))
#11 /var/www/kd/vendor/maatwebsite/excel/src/Imports/ModelManager.php(65): App\\Imports\\StonesImport->model(Array)
#12 /var/www/kd/vendor/maatwebsite/excel/src/Imports/ModelManager.php(114): Maatwebsite\\Excel\\Imports\\ModelManager->toModels(Object(App\\Imports\\StonesImport), Array)
#13 /var/www/kd/vendor/laravel/framework/src/Illuminate/Support/Collection.php(418): Maatwebsite\\Excel\\Imports\\ModelManager->Maatwebsite\\Excel\\Imports\\{closure}(Array, 1)
#14 /var/www/kd/vendor/maatwebsite/excel/src/Imports/ModelManager.php(125): Illuminate\\Support\\Collection->each(Object(Closure))
#15 /var/www/kd/vendor/maatwebsite/excel/src/Imports/ModelManager.php(51): Maatwebsite\\Excel\\Imports\\ModelManager->singleFlush(Object(App\\Imports\\StonesImport))
#16 /var/www/kd/vendor/maatwebsite/excel/src/Imports/ModelImporter.php(57): Maatwebsite\\Excel\\Imports\\ModelManager->flush(Object(App\\Imports\\StonesImport), false)
#17 /var/www/kd/vendor/maatwebsite/excel/src/Sheet.php(217): Maatwebsite\\Excel\\Imports\\ModelImporter->import(Object(PhpOffice\\PhpSpreadsheet\\Worksheet\\Worksheet), Object(App\\Imports\\StonesImport), 1)
#18 /var/www/kd/vendor/maatwebsite/excel/src/Reader.php(93): Maatwebsite\\Excel\\Sheet->import(Object(App\\Imports\\StonesImport), 1)
#19 /var/www/kd/vendor/laravel/framework/src/Illuminate/Database/Concerns/ManagesTransactions.php(29): Maatwebsite\\Excel\\Reader->Maatwebsite\\Excel\\{closure}(Object(Illuminate\\Database\\MySqlConnection))
#20 /var/www/kd/vendor/laravel/framework/src/Illuminate/Database/DatabaseManager.php(327): Illuminate\\Database\\Connection->transaction(Object(Closure))
#21 /var/www/kd/vendor/laravel/framework/src/Illuminate/Support/Facades/Facade.php(237): Illuminate\\Database\\DatabaseManager->__call('transaction', Array)
#22 /var/www/kd/vendor/maatwebsite/excel/src/Reader.php(96): Illuminate\\Support\\Facades\\Facade::__callStatic('transaction', Array)
#23 /var/www/kd/vendor/maatwebsite/excel/src/Excel.php(120): Maatwebsite\\Excel\\Reader->read(Object(App\\Imports\\StonesImport), 'data.csv', 'Csv', NULL)
#24 /var/www/kd/vendor/laravel/framework/src/Illuminate/Support/Facades/Facade.php(237): Maatwebsite\\Excel\\Excel->import(Object(App\\Imports\\StonesImport), 'data.csv')
#25 /var/www/kd/app/Console/Commands/StonesCreate.php(49): Illuminate\\Support\\Facades\\Facade::__callStatic('import', Array)
#26 [internal function]: App\\Console\\Commands\\StonesCreate->handle()
#27 /var/www/kd/vendor/laravel/framework/src/Illuminate/Container/BoundMethod.php(29): call_user_func_array(Array, Array)
#28 /var/www/kd/vendor/laravel/framework/src/Illuminate/Container/BoundMethod.php(87): Illuminate\\Container\\BoundMethod::Illuminate\\Container\\{closure}()
#29 /var/www/kd/vendor/laravel/framework/src/Illuminate/Container/BoundMethod.php(31): Illuminate\\Container\\BoundMethod::callBoundMethod(Object(Illuminate\\Foundation\\Application), Array, Object(Closure))
#30 /var/www/kd/vendor/laravel/framework/src/Illuminate/Container/Container.php(572): Illuminate\\Container\\BoundMethod::call(Object(Illuminate\\Foundation\\Application), Array, Array, NULL)
#31 /var/www/kd/vendor/laravel/framework/src/Illuminate/Console/Command.php(183): Illuminate\\Container\\Container->call(Array)
#32 /var/www/kd/vendor/symfony/console/Command/Command.php(255): Illuminate\\Console\\Command->execute(Object(Symfony\\Component\\Console\\Input\\ArgvInput), Object(Illuminate\\Console\\OutputStyle))
#33 /var/www/kd/vendor/laravel/framework/src/Illuminate/Console/Command.php(170): Symfony\\Component\\Console\\Command\\Command->run(Object(Symfony\\Component\\Console\\Input\\ArgvInput), Object(Illuminate\\Console\\OutputStyle))
#34 /var/www/kd/vendor/symfony/console/Application.php(901): Illuminate\\Console\\Command->run(Object(Symfony\\Component\\Console\\Input\\ArgvInput), Object(Symfony\\Component\\Console\\Output\\ConsoleOutput))
#35 /var/www/kd/vendor/symfony/console/Application.php(262): Symfony\\Component\\Console\\Application->doRunCommand(Object(App\\Console\\Commands\\StonesCreate), Object(Symfony\\Component\\Console\\Input\\ArgvInput), Object(Symfony\\Component\\Console\\Output\\ConsoleOutput))
#36 /var/www/kd/vendor/symfony/console/Application.php(145): Symfony\\Component\\Console\\Application->doRun(Object(Symfony\\Component\\Console\\Input\\ArgvInput), Object(Symfony\\Component\\Console\\Output\\ConsoleOutput))
#37 /var/www/kd/vendor/laravel/framework/src/Illuminate/Console/Application.php(89): Symfony\\Component\\Console\\Application->run(Object(Symfony\\Component\\Console\\Input\\ArgvInput), Object(Symfony\\Component\\Console\\Output\\ConsoleOutput))
#38 /var/www/kd/vendor/laravel/framework/src/Illuminate/Foundation/Console/Kernel.php(122): Illuminate\\Console\\Application->run(Object(Symfony\\Component\\Console\\Input\\ArgvInput), Object(Symfony\\Component\\Console\\Output\\ConsoleOutput))
#39 /var/www/kd/artisan(37): Illuminate\\Foundation\\Console\\Kernel->handle(Object(Symfony\\Component\\Console\\Input\\ArgvInput), Object(Symfony\\Component\\Console\\Output\\ConsoleOutput))
#40 {main}
"} 
